[2023-05-25 19:19:23] [INFO ] [OdontologoDaoH2:26] Registrando odontologo...
[2023-05-25 19:19:23] [INFO ] [OdontologoDaoH2:51] Odontologo Aylen Cormick registrado con exito.
[2023-05-25 19:19:23] [INFO ] [OdontologoDaoH2:26] Registrando odontologo...
[2023-05-25 19:19:23] [INFO ] [OdontologoDaoH2:51] Odontologo Rocio Silva registrado con exito.
[2023-05-25 19:19:23] [INFO ] [OdontologoDaoH2:26] Registrando odontologo...
[2023-05-25 19:19:23] [INFO ] [OdontologoDaoH2:51] Odontologo Pepe Milanesa registrado con exito.
[2023-05-25 19:19:23] [INFO ] [OdontologoDaoH2:17] Registrando odontologo...
[2023-05-25 19:19:23] [INFO ] [OdontologoDaoH2:20] Odontologo Aylen Cormick registrado con exito.
[2023-05-25 19:19:23] [INFO ] [OdontologoDaoH2:17] Registrando odontologo...
[2023-05-25 19:19:23] [INFO ] [OdontologoDaoH2:20] Odontologo Rocio Silva registrado con exito.
[2023-05-25 19:19:23] [INFO ] [OdontologoDaoH2:17] Registrando odontologo...
[2023-05-25 19:19:23] [INFO ] [OdontologoDaoH2:20] Odontologo Pepe Milanesa registrado con exito.
[2023-05-25 19:19:23] [INFO ] [OdontologoDaoH2:26] Registrando odontologo...
[2023-05-25 19:19:23] [INFO ] [OdontologoDaoH2:51] Odontologo Teo Tyler registrado con exito.
[2023-05-25 19:19:23] [INFO ] [OdontologoDaoH2:66] Listando los odontologos...
[2023-05-25 19:19:23] [INFO ] [OdontologoDaoH2:98] Se han listado exitosamente todos los odontologos.
[2023-05-25 19:19:23] [INFO ] [OdontologoDaoH2:17] Registrando odontologo...
[2023-05-25 19:19:23] [INFO ] [OdontologoDaoH2:20] Odontologo Teo Tyler registrado con exito.
[2023-05-25 19:19:23] [INFO ] [OdontologoDaoH2:27] Listando los odontologos...
[2023-05-25 19:19:23] [INFO ] [OdontologoDaoH2:33] Se han listado exitosamente todos los odontologos.
