[2023-05-28 19:08:27] [INFO ] [OdontologoDaoH2:27] Registrando odontologo...
[2023-05-28 19:08:28] [INFO ] [OdontologoDaoH2:52] Odontologo Aylen Cormick registrado con exito.
[2023-05-28 19:08:28] [INFO ] [OdontologoDaoH2:27] Registrando odontologo...
[2023-05-28 19:08:28] [INFO ] [OdontologoDaoH2:52] Odontologo Rocio Silva registrado con exito.
[2023-05-28 19:08:28] [INFO ] [OdontologoDaoH2:27] Registrando odontologo...
[2023-05-28 19:08:28] [INFO ] [OdontologoDaoH2:52] Odontologo Pepe Milanesa registrado con exito.
[2023-05-28 19:08:28] [INFO ] [OdontologoDaoH2:18] Registrando odontologo...
[2023-05-28 19:08:28] [INFO ] [OdontologoDaoH2:21] Odontologo Aylen Cormick registrado con exito.
[2023-05-28 19:08:28] [INFO ] [OdontologoDaoH2:18] Registrando odontologo...
[2023-05-28 19:08:28] [INFO ] [OdontologoDaoH2:21] Odontologo Rocio Silva registrado con exito.
[2023-05-28 19:08:28] [INFO ] [OdontologoDaoH2:18] Registrando odontologo...
[2023-05-28 19:08:28] [INFO ] [OdontologoDaoH2:21] Odontologo Pepe Milanesa registrado con exito.
[2023-05-28 19:08:28] [INFO ] [OdontologoDaoH2:67] Listando los odontologos...
[2023-05-28 19:08:28] [INFO ] [OdontologoDaoH2:99] Se han listado exitosamente todos los odontologos.
[2023-05-28 19:08:44] [INFO ] [OdontologoDaoH2:27] Registrando odontologo...
[2023-05-28 19:08:44] [INFO ] [OdontologoDaoH2:52] Odontologo Aylen Cormick registrado con exito.
[2023-05-28 19:08:44] [INFO ] [OdontologoDaoH2:27] Registrando odontologo...
[2023-05-28 19:08:44] [INFO ] [OdontologoDaoH2:52] Odontologo Rocio Silva registrado con exito.
[2023-05-28 19:08:44] [INFO ] [OdontologoDaoH2:27] Registrando odontologo...
[2023-05-28 19:08:44] [INFO ] [OdontologoDaoH2:52] Odontologo Pepe Milanesa registrado con exito.
[2023-05-28 19:08:44] [INFO ] [OdontologoDaoH2:18] Registrando odontologo...
[2023-05-28 19:08:44] [INFO ] [OdontologoDaoH2:21] Odontologo Aylen Cormick registrado con exito.
[2023-05-28 19:08:44] [INFO ] [OdontologoDaoH2:18] Registrando odontologo...
[2023-05-28 19:08:44] [INFO ] [OdontologoDaoH2:21] Odontologo Rocio Silva registrado con exito.
[2023-05-28 19:08:44] [INFO ] [OdontologoDaoH2:18] Registrando odontologo...
[2023-05-28 19:08:44] [INFO ] [OdontologoDaoH2:21] Odontologo Pepe Milanesa registrado con exito.
[2023-05-28 19:08:44] [INFO ] [OdontologoDaoH2:27] Registrando odontologo...
[2023-05-28 19:08:44] [INFO ] [OdontologoDaoH2:52] Odontologo Teo Tyler registrado con exito.
[2023-05-28 19:08:44] [INFO ] [OdontologoDaoH2:67] Listando los odontologos...
[2023-05-28 19:08:44] [INFO ] [OdontologoDaoH2:99] Se han listado exitosamente todos los odontologos.
[2023-05-28 19:08:44] [INFO ] [OdontologoDaoH2:18] Registrando odontologo...
[2023-05-28 19:08:44] [INFO ] [OdontologoDaoH2:21] Odontologo Teo Tyler registrado con exito.
[2023-05-28 19:08:44] [INFO ] [OdontologoDaoH2:28] Listando los odontologos...
[2023-05-28 19:08:44] [INFO ] [OdontologoDaoH2:34] Se han listado exitosamente todos los odontologos.
[2023-05-28 19:23:05] [INFO ] [OdontologoDaoH2:27] Registrando odontologo...
[2023-05-28 19:23:06] [INFO ] [OdontologoDaoH2:52] Odontologo Aylen Cormick registrado con exito.
[2023-05-28 19:23:06] [INFO ] [OdontologoDaoH2:27] Registrando odontologo...
[2023-05-28 19:23:06] [INFO ] [OdontologoDaoH2:52] Odontologo Rocio Silva registrado con exito.
[2023-05-28 19:23:06] [INFO ] [OdontologoDaoH2:27] Registrando odontologo...
[2023-05-28 19:23:06] [INFO ] [OdontologoDaoH2:52] Odontologo Pepe Milanesa registrado con exito.
[2023-05-28 19:23:06] [INFO ] [OdontologoDaoH2:18] Registrando odontologo...
[2023-05-28 19:23:06] [INFO ] [OdontologoDaoH2:21] Odontologo Aylen Cormick registrado con exito.
[2023-05-28 19:23:06] [INFO ] [OdontologoDaoH2:18] Registrando odontologo...
[2023-05-28 19:23:06] [INFO ] [OdontologoDaoH2:21] Odontologo Rocio Silva registrado con exito.
[2023-05-28 19:23:06] [INFO ] [OdontologoDaoH2:18] Registrando odontologo...
[2023-05-28 19:23:06] [INFO ] [OdontologoDaoH2:21] Odontologo Pepe Milanesa registrado con exito.
[2023-05-28 19:23:06] [INFO ] [OdontologoDaoH2:27] Registrando odontologo...
[2023-05-28 19:23:06] [INFO ] [OdontologoDaoH2:52] Odontologo Teo Tyler registrado con exito.
[2023-05-28 19:23:06] [INFO ] [OdontologoDaoH2:67] Listando los odontologos...
[2023-05-28 19:23:06] [INFO ] [OdontologoDaoH2:99] Se han listado exitosamente todos los odontologos.
[2023-05-28 19:23:06] [INFO ] [OdontologoDaoH2:18] Registrando odontologo...
[2023-05-28 19:23:06] [INFO ] [OdontologoDaoH2:21] Odontologo Teo Tyler registrado con exito.
[2023-05-28 19:23:06] [INFO ] [OdontologoDaoH2:28] Listando los odontologos...
[2023-05-28 19:23:06] [INFO ] [OdontologoDaoH2:34] Se han listado exitosamente todos los odontologos.
[2023-05-28 19:24:46] [INFO ] [OdontologoDaoH2:27] Registrando odontologo...
[2023-05-28 19:24:46] [INFO ] [OdontologoDaoH2:52] Odontologo Aylen Cormick registrado con exito.
[2023-05-28 19:24:46] [INFO ] [OdontologoDaoH2:27] Registrando odontologo...
[2023-05-28 19:24:46] [INFO ] [OdontologoDaoH2:52] Odontologo Rocio Silva registrado con exito.
[2023-05-28 19:24:46] [INFO ] [OdontologoDaoH2:27] Registrando odontologo...
[2023-05-28 19:24:46] [INFO ] [OdontologoDaoH2:52] Odontologo Pepe Milanesa registrado con exito.
[2023-05-28 19:24:46] [INFO ] [OdontologoDaoH2:18] Registrando odontologo...
[2023-05-28 19:24:46] [INFO ] [OdontologoDaoH2:21] Odontologo Aylen Cormick registrado con exito.
[2023-05-28 19:24:46] [INFO ] [OdontologoDaoH2:18] Registrando odontologo...
[2023-05-28 19:24:46] [INFO ] [OdontologoDaoH2:21] Odontologo Rocio Silva registrado con exito.
[2023-05-28 19:24:46] [INFO ] [OdontologoDaoH2:18] Registrando odontologo...
[2023-05-28 19:24:46] [INFO ] [OdontologoDaoH2:21] Odontologo Pepe Milanesa registrado con exito.
[2023-05-28 19:24:46] [INFO ] [OdontologoDaoH2:27] Registrando odontologo...
[2023-05-28 19:24:46] [INFO ] [OdontologoDaoH2:52] Odontologo Teo Tyler registrado con exito.
[2023-05-28 19:24:46] [INFO ] [OdontologoDaoH2:67] Listando los odontologos...
[2023-05-28 19:24:46] [INFO ] [OdontologoDaoH2:99] Se han listado exitosamente todos los odontologos.
[2023-05-28 19:24:46] [INFO ] [OdontologoDaoH2:18] Registrando odontologo...
[2023-05-28 19:24:46] [INFO ] [OdontologoDaoH2:21] Odontologo Teo Tyler registrado con exito.
[2023-05-28 19:24:46] [INFO ] [OdontologoDaoH2:28] Listando los odontologos...
[2023-05-28 19:24:46] [INFO ] [OdontologoDaoH2:34] Se han listado exitosamente todos los odontologos.
[2023-05-28 19:28:20] [INFO ] [OdontologoDaoH2:27] Registrando odontologo...
[2023-05-28 19:28:20] [INFO ] [OdontologoDaoH2:52] Odontologo Aylen Cormick registrado con exito.
[2023-05-28 19:28:20] [INFO ] [OdontologoDaoH2:27] Registrando odontologo...
[2023-05-28 19:28:20] [INFO ] [OdontologoDaoH2:52] Odontologo Rocio Silva registrado con exito.
[2023-05-28 19:28:20] [INFO ] [OdontologoDaoH2:27] Registrando odontologo...
[2023-05-28 19:28:20] [INFO ] [OdontologoDaoH2:52] Odontologo Pepe Milanesa registrado con exito.
[2023-05-28 19:28:20] [INFO ] [OdontologoDaoH2:18] Registrando odontologo...
[2023-05-28 19:28:20] [INFO ] [OdontologoDaoH2:21] Odontologo Aylen Cormick registrado con exito.
[2023-05-28 19:28:20] [INFO ] [OdontologoDaoH2:18] Registrando odontologo...
[2023-05-28 19:28:20] [INFO ] [OdontologoDaoH2:21] Odontologo Rocio Silva registrado con exito.
[2023-05-28 19:28:20] [INFO ] [OdontologoDaoH2:18] Registrando odontologo...
[2023-05-28 19:28:20] [INFO ] [OdontologoDaoH2:21] Odontologo Pepe Milanesa registrado con exito.
[2023-05-28 19:28:20] [INFO ] [OdontologoDaoH2:27] Registrando odontologo...
[2023-05-28 19:28:20] [INFO ] [OdontologoDaoH2:52] Odontologo Teo Tyler registrado con exito.
[2023-05-28 19:28:20] [INFO ] [OdontologoDaoH2:67] Listando los odontologos...
[2023-05-28 19:28:21] [INFO ] [OdontologoDaoH2:99] Se han listado exitosamente todos los odontologos.
[2023-05-28 19:28:21] [INFO ] [OdontologoDaoH2:18] Registrando odontologo...
[2023-05-28 19:28:21] [INFO ] [OdontologoDaoH2:21] Odontologo Teo Tyler registrado con exito.
[2023-05-28 19:28:21] [INFO ] [OdontologoDaoH2:28] Listando los odontologos...
[2023-05-28 19:28:21] [INFO ] [OdontologoDaoH2:34] Se han listado exitosamente todos los odontologos.
